2026-03-23 13:29:34,830 DEBUG    root            Loaded Command Group: ['gcloud', 'components']
2026-03-23 13:29:34,862 DEBUG    root            Loaded Command Group: ['gcloud', 'components', 'update']
2026-03-23 13:29:34,864 DEBUG    root            Running [gcloud.components.update] with arguments: [--quiet: "True", COMPONENT-IDS:8: "['gcloud', 'core', 'bq', 'gsutil', 'compute', 'preview', 'alpha', 'beta']"]
2026-03-23 13:29:34,865 DEBUG    root            On GCE from disk cache: False
2026-03-23 13:29:34,865 INFO     ___FILE_ONLY___ Beginning update. This process may take several minutes.

2026-03-23 13:29:34,866 DEBUG    root            On GCE from memory cache: False
2026-03-23 13:29:34,868 DEBUG    root            On GCE from memory cache: False
2026-03-23 13:29:34,869 DEBUG    urllib3.connectionpool Starting new HTTPS connection (1): dl.google.com:443
2026-03-23 13:29:34,883 DEBUG    urllib3.connectionpool https://dl.google.com:443 "GET /dl/cloudsdk/channels/rapid/components-2.json HTTP/1.1" 200 25046
2026-03-23 13:29:34,897 WARNING  root            Component [compute] no longer exists.
2026-03-23 13:29:34,898 INFO     ___FILE_ONLY___ 

2026-03-23 13:29:34,899 INFO     ___FILE_ONLY___ 
Your current Google Cloud CLI version is: 561.0.0

2026-03-23 13:29:34,899 INFO     ___FILE_ONLY___ Installing components from version: 561.0.0

2026-03-23 13:29:34,899 INFO     ___FILE_ONLY___ 

2026-03-23 13:29:34,899 DEBUG    root            Chosen display Format:table[box,title="These components will be removed."](details.display_name:label=Name:align=left,version.version_string:label=Version:align=right,data.size.size(zero="",min=1048576):label=Size:align=right)
2026-03-23 13:29:34,900 DEBUG    root            Chosen display Format:table[box,title="These components will be updated."](details.display_name:label=Name:align=left,version.version_string:label=Version:align=right,data.size.size(zero="",min=1048576):label=Size:align=right)
2026-03-23 13:29:34,900 DEBUG    root            Chosen display Format:table[box,title="These components will be installed."](details.display_name:label=Name:align=left,version.version_string:label=Version:align=right,data.size.size(zero="",min=1048576):label=Size:align=right)
2026-03-23 13:29:34,920 INFO     ___FILE_ONLY___ ┌────────────────────────────────────────────────┐
2026-03-23 13:29:34,920 INFO     ___FILE_ONLY___ 

2026-03-23 13:29:34,921 INFO     ___FILE_ONLY___ │      These components will be installed.       │
2026-03-23 13:29:34,921 INFO     ___FILE_ONLY___ 

2026-03-23 13:29:34,921 INFO     ___FILE_ONLY___ ├─────────────────────────┬────────────┬─────────┤
2026-03-23 13:29:34,921 INFO     ___FILE_ONLY___ 

2026-03-23 13:29:34,921 INFO     ___FILE_ONLY___ │           Name          │  Version   │   Size  │
2026-03-23 13:29:34,921 INFO     ___FILE_ONLY___ 

2026-03-23 13:29:34,921 INFO     ___FILE_ONLY___ ├─────────────────────────┼────────────┼─────────┤
2026-03-23 13:29:34,921 INFO     ___FILE_ONLY___ 

2026-03-23 13:29:34,921 INFO     ___FILE_ONLY___ │ 
2026-03-23 13:29:34,922 INFO     ___FILE_ONLY___ gcloud Alpha Commands  
2026-03-23 13:29:34,922 INFO     ___FILE_ONLY___  
2026-03-23 13:29:34,922 INFO     ___FILE_ONLY___ │ 
2026-03-23 13:29:34,922 INFO     ___FILE_ONLY___ 2026.03.13
2026-03-23 13:29:34,922 INFO     ___FILE_ONLY___  
2026-03-23 13:29:34,922 INFO     ___FILE_ONLY___ │ 
2026-03-23 13:29:34,922 INFO     ___FILE_ONLY___ < 1 MiB
2026-03-23 13:29:34,922 INFO     ___FILE_ONLY___  
2026-03-23 13:29:34,922 INFO     ___FILE_ONLY___ │
2026-03-23 13:29:34,922 INFO     ___FILE_ONLY___ 

2026-03-23 13:29:34,922 INFO     ___FILE_ONLY___ │ 
2026-03-23 13:29:34,922 INFO     ___FILE_ONLY___ gcloud Beta Commands   
2026-03-23 13:29:34,922 INFO     ___FILE_ONLY___  
2026-03-23 13:29:34,922 INFO     ___FILE_ONLY___ │ 
2026-03-23 13:29:34,922 INFO     ___FILE_ONLY___ 2026.03.13
2026-03-23 13:29:34,922 INFO     ___FILE_ONLY___  
2026-03-23 13:29:34,923 INFO     ___FILE_ONLY___ │ 
2026-03-23 13:29:34,923 INFO     ___FILE_ONLY___ < 1 MiB
2026-03-23 13:29:34,923 INFO     ___FILE_ONLY___  
2026-03-23 13:29:34,923 INFO     ___FILE_ONLY___ │
2026-03-23 13:29:34,923 INFO     ___FILE_ONLY___ 

2026-03-23 13:29:34,923 INFO     ___FILE_ONLY___ │ 
2026-03-23 13:29:34,923 INFO     ___FILE_ONLY___ gcloud Preview Commands
2026-03-23 13:29:34,923 INFO     ___FILE_ONLY___  
2026-03-23 13:29:34,923 INFO     ___FILE_ONLY___ │ 
2026-03-23 13:29:34,923 INFO     ___FILE_ONLY___           
2026-03-23 13:29:34,924 INFO     ___FILE_ONLY___  
2026-03-23 13:29:34,924 INFO     ___FILE_ONLY___ │ 
2026-03-23 13:29:34,924 INFO     ___FILE_ONLY___ < 1 MiB
2026-03-23 13:29:34,924 INFO     ___FILE_ONLY___  
2026-03-23 13:29:34,924 INFO     ___FILE_ONLY___ │
2026-03-23 13:29:34,924 INFO     ___FILE_ONLY___ 

2026-03-23 13:29:34,924 INFO     ___FILE_ONLY___ └─────────────────────────┴────────────┴─────────┘
2026-03-23 13:29:34,924 INFO     ___FILE_ONLY___ 

2026-03-23 13:29:34,924 INFO     ___FILE_ONLY___ 

2026-03-23 13:29:34,925 DEBUG    root            On GCE from memory cache: False
2026-03-23 13:29:34,927 DEBUG    root            On GCE from memory cache: False
2026-03-23 13:29:34,928 DEBUG    urllib3.connectionpool Starting new HTTPS connection (1): dl.google.com:443
2026-03-23 13:29:34,940 DEBUG    urllib3.connectionpool https://dl.google.com:443 "GET /dl/cloudsdk/channels/rapid/RELEASE_NOTES HTTP/1.1" 200 354713
2026-03-23 13:29:35,479 INFO     ___FILE_ONLY___ For the latest full release notes, please visit:
  https://cloud.google.com/sdk/release_notes


2026-03-23 13:29:35,479 INFO     ___FILE_ONLY___ Performing in place update...


2026-03-23 13:29:35,481 INFO     ___FILE_ONLY___ ╔════════════════════════════════════════════════════════════╗

2026-03-23 13:29:35,481 INFO     ___FILE_ONLY___ ╠═ Downloading: gcloud Alpha Commands                       ═╣

2026-03-23 13:29:35,481 INFO     ___FILE_ONLY___ ╚
2026-03-23 13:29:35,482 DEBUG    root            On GCE from memory cache: False
2026-03-23 13:29:35,483 DEBUG    root            On GCE from memory cache: False
2026-03-23 13:29:35,484 DEBUG    urllib3.connectionpool Starting new HTTPS connection (1): dl.google.com:443
2026-03-23 13:29:35,537 DEBUG    urllib3.connectionpool https://dl.google.com:443 "GET /dl/cloudsdk/channels/rapid/components/google-cloud-sdk-alpha-20260313132908.tar.gz HTTP/1.1" 200 761
2026-03-23 13:29:35,538 INFO     ___FILE_ONLY___ ════════════════════════════════════════════════════════════
2026-03-23 13:29:35,538 INFO     ___FILE_ONLY___ ╝

2026-03-23 13:29:35,540 INFO     ___FILE_ONLY___ ╔════════════════════════════════════════════════════════════╗

2026-03-23 13:29:35,540 INFO     ___FILE_ONLY___ ╠═ Downloading: gcloud Beta Commands                        ═╣

2026-03-23 13:29:35,540 INFO     ___FILE_ONLY___ ╚
2026-03-23 13:29:35,541 DEBUG    root            On GCE from memory cache: False
2026-03-23 13:29:35,542 DEBUG    root            On GCE from memory cache: False
2026-03-23 13:29:35,543 DEBUG    urllib3.connectionpool Starting new HTTPS connection (1): dl.google.com:443
2026-03-23 13:29:35,590 DEBUG    urllib3.connectionpool https://dl.google.com:443 "GET /dl/cloudsdk/channels/rapid/components/google-cloud-sdk-beta-20260313132908.tar.gz HTTP/1.1" 200 758
2026-03-23 13:29:35,591 INFO     ___FILE_ONLY___ ════════════════════════════════════════════════════════════
2026-03-23 13:29:35,591 INFO     ___FILE_ONLY___ ╝

2026-03-23 13:29:35,593 INFO     ___FILE_ONLY___ ╔════════════════════════════════════════════════════════════╗

2026-03-23 13:29:35,593 INFO     ___FILE_ONLY___ ╠═ Downloading: gcloud Preview Commands                     ═╣

2026-03-23 13:29:35,593 INFO     ___FILE_ONLY___ ╚
2026-03-23 13:29:35,594 DEBUG    root            On GCE from memory cache: False
2026-03-23 13:29:35,595 DEBUG    root            On GCE from memory cache: False
2026-03-23 13:29:35,596 DEBUG    urllib3.connectionpool Starting new HTTPS connection (1): dl.google.com:443
2026-03-23 13:29:35,648 DEBUG    urllib3.connectionpool https://dl.google.com:443 "GET /dl/cloudsdk/channels/rapid/components/google-cloud-sdk-preview-20260227192638.tar.gz HTTP/1.1" 200 782
2026-03-23 13:29:35,649 INFO     ___FILE_ONLY___ ════════════════════════════════════════════════════════════
2026-03-23 13:29:35,649 INFO     ___FILE_ONLY___ ╝

2026-03-23 13:29:35,651 INFO     ___FILE_ONLY___ ╔════════════════════════════════════════════════════════════╗

2026-03-23 13:29:35,651 INFO     ___FILE_ONLY___ ╠═ Installing: gcloud Alpha Commands                        ═╣

2026-03-23 13:29:35,651 INFO     ___FILE_ONLY___ ╚
2026-03-23 13:29:35,652 INFO     ___FILE_ONLY___ ════════════════════════════════════════════════════════════
2026-03-23 13:29:35,652 INFO     ___FILE_ONLY___ ╝

2026-03-23 13:29:35,659 INFO     ___FILE_ONLY___ ╔════════════════════════════════════════════════════════════╗

2026-03-23 13:29:35,659 INFO     ___FILE_ONLY___ ╠═ Installing: gcloud Beta Commands                         ═╣

2026-03-23 13:29:35,659 INFO     ___FILE_ONLY___ ╚
2026-03-23 13:29:35,660 INFO     ___FILE_ONLY___ ════════════════════════════════════════════════════════════
2026-03-23 13:29:35,660 INFO     ___FILE_ONLY___ ╝

2026-03-23 13:29:35,664 INFO     ___FILE_ONLY___ ╔════════════════════════════════════════════════════════════╗

2026-03-23 13:29:35,664 INFO     ___FILE_ONLY___ ╠═ Installing: gcloud Preview Commands                      ═╣

2026-03-23 13:29:35,664 INFO     ___FILE_ONLY___ ╚
2026-03-23 13:29:35,665 INFO     ___FILE_ONLY___ ════════════════════════════════════════════════════════════
2026-03-23 13:29:35,665 INFO     ___FILE_ONLY___ ╝

2026-03-23 13:29:35,670 DEBUG    root            Updating notification cache...
2026-03-23 13:29:35,670 INFO     ___FILE_ONLY___ 

2026-03-23 13:29:35,672 INFO     ___FILE_ONLY___ Performing post processing steps...
2026-03-23 13:29:35,672 DEBUG    root            Executing command: ['/tools/google-cloud-sdk/bin/gcloud', 'components', 'post-process']
2026-03-23 13:29:45,995 DEBUG    ___FILE_ONLY___ 
2026-03-23 13:29:45,995 DEBUG    ___FILE_ONLY___ 
2026-03-23 13:29:46,206 INFO     root            descriptor_list: [{'universeDomain': 'googleapis.com', 'universeShortName': '', 'authenticationDomain': 'auth.cloud.google.com', 'projectPrefix': '', 'cloudWebDomain': 'cloud.google.com', 'documentationDomain': 'cloud.google.com', 'version': '1.0.0', 'state': 'primary', 'artifactRegistryDomain': 'pkg.dev'}]
2026-03-23 13:29:46,206 INFO     ___FILE_ONLY___ 
Update done!


2026-03-23 13:29:46,211 DEBUG    root            Chosen display Format:none
2026-03-23 13:29:46,211 INFO     root            Display format: "none"
